<?xml version="1.0" encoding="UTF-8"?>
<!-- Generated by org.testng.reporters.JUnitXMLReporter -->
<testsuite ignored="0" hostname="Ash_2703" failures="0" tests="5" name="Default test" time="129.113" errors="0" timestamp="2023-04-04T10:03:57 IST">
  <testcase classname="vtiger.OrganizationTests.CreateMultipleOrgWithIndustryTest" name="createMultipleOrgTest" time="17.631"/>
  <testcase classname="vtiger.OrganizationTests.CreateMultipleOrgWithIndustryTest" name="createMultipleOrgTest" time="14.982"/>
  <testcase classname="vtiger.OrganizationTests.CreateMultipleOrgWithIndustryTest" name="createMultipleOrgTest" time="15.419"/>
  <testcase classname="vtiger.OrganizationTests.CreateMultipleOrgWithIndustryTest" name="createMultipleOrgTest" time="12.767"/>
  <testcase classname="vtiger.OrganizationTests.CreateMultipleOrgWithIndustryTest" name="createMultipleOrgTest" time="10.594"/>
</testsuite> <!-- Default test -->
