<?xml version="1.0" encoding="UTF-8"?>
<!-- Generated by org.testng.reporters.JUnitXMLReporter -->
<testsuite ignored="2" hostname="Ash_2703" failures="0" tests="4" name="Test" time="153.882" errors="0" timestamp="2023-04-05T01:22:30 IST">
  <testcase classname="vtiger.ContactsTests.CreateContactWithOrganizationTest" name="createContactWithOrganizationTest" time="55.427"/>
  <testcase classname="vtiger.OrganizationTests.CreateOrganizationTest" name="createOrganizationTest" time="21.405"/>
  <testcase classname="vtiger.OrganizationTests.CreateOrganizationTest" name="demoScript" time="0.0"/>
  <testcase classname="vtiger.OrganizationTests.CreateOrganizationTest" name="regional" time="0.0"/>
  <testcase classname="vtiger.GenericUtilities.BaseClass" name="@AfterSuite asConfig" time="0.0">
    <ignored/>
  </testcase> <!-- @AfterSuite asConfig -->
  <testcase classname="vtiger.GenericUtilities.BaseClass" name="@BeforeSuite bsConfig" time="0.0">
    <ignored/>
  </testcase> <!-- @BeforeSuite bsConfig -->
</testsuite> <!-- Test -->
