<?xml version="1.0" encoding="UTF-8"?>
<testng-results ignored="0" total="5" passed="5" failed="0" skipped="0">
  <reporter-output>
  </reporter-output>
  <suite started-at="2023-04-04T10:01:48 IST" name="Default suite" finished-at="2023-04-04T10:03:57 IST" duration-ms="129113">
    <groups>
    </groups>
    <test started-at="2023-04-04T10:01:48 IST" name="Default test" finished-at="2023-04-04T10:03:57 IST" duration-ms="129113">
      <class name="vtiger.OrganizationTests.CreateMultipleOrgWithIndustryTest">
        <test-method is-config="true" signature="bsConfig()[pri:0, instance:vtiger.OrganizationTests.CreateMultipleOrgWithIndustryTest@130d63be]" started-at="2023-04-04T10:01:48 IST" name="bsConfig" finished-at="2023-04-04T10:01:48 IST" duration-ms="8" status="PASS">
          <reporter-output>
          </reporter-output>
        </test-method> <!-- bsConfig -->
        <test-method is-config="true" signature="bcConfig()[pri:0, instance:vtiger.OrganizationTests.CreateMultipleOrgWithIndustryTest@130d63be]" started-at="2023-04-04T10:01:48 IST" name="bcConfig" finished-at="2023-04-04T10:02:18 IST" duration-ms="30622" status="PASS">
          <reporter-output>
          </reporter-output>
        </test-method> <!-- bcConfig -->
        <test-method is-config="true" signature="bmConfig()[pri:0, instance:vtiger.OrganizationTests.CreateMultipleOrgWithIndustryTest@130d63be]" started-at="2023-04-04T10:02:20 IST" name="bmConfig" finished-at="2023-04-04T10:02:26 IST" duration-ms="5539" status="PASS">
          <reporter-output>
          </reporter-output>
        </test-method> <!-- bmConfig -->
        <test-method signature="createMultipleOrgTest(java.lang.String,java.lang.String)[pri:0, instance:vtiger.OrganizationTests.CreateMultipleOrgWithIndustryTest@130d63be]" started-at="2023-04-04T10:02:26 IST" name="createMultipleOrgTest" data-provider="getData" finished-at="2023-04-04T10:02:43 IST" duration-ms="17631" status="PASS">
          <params>
            <param index="0">
              <value>
                <![CDATA[Wipro]]>
              </value>
            </param>
            <param index="1">
              <value>
                <![CDATA[Chemicals]]>
              </value>
            </param>
          </params>
          <reporter-output>
          </reporter-output>
        </test-method> <!-- createMultipleOrgTest -->
        <test-method is-config="true" signature="amConfig()[pri:0, instance:vtiger.OrganizationTests.CreateMultipleOrgWithIndustryTest@130d63be]" started-at="2023-04-04T10:02:43 IST" name="amConfig" finished-at="2023-04-04T10:02:45 IST" duration-ms="1647" status="PASS">
          <reporter-output>
          </reporter-output>
        </test-method> <!-- amConfig -->
        <test-method is-config="true" signature="bmConfig()[pri:0, instance:vtiger.OrganizationTests.CreateMultipleOrgWithIndustryTest@130d63be]" started-at="2023-04-04T10:02:45 IST" name="bmConfig" finished-at="2023-04-04T10:02:47 IST" duration-ms="1836" status="PASS">
          <reporter-output>
          </reporter-output>
        </test-method> <!-- bmConfig -->
        <test-method signature="createMultipleOrgTest(java.lang.String,java.lang.String)[pri:0, instance:vtiger.OrganizationTests.CreateMultipleOrgWithIndustryTest@130d63be]" started-at="2023-04-04T10:02:47 IST" name="createMultipleOrgTest" data-provider="getData" finished-at="2023-04-04T10:03:02 IST" duration-ms="14982" status="PASS">
          <params>
            <param index="0">
              <value>
                <![CDATA[Adidas]]>
              </value>
            </param>
            <param index="1">
              <value>
                <![CDATA[Energy]]>
              </value>
            </param>
          </params>
          <reporter-output>
          </reporter-output>
        </test-method> <!-- createMultipleOrgTest -->
        <test-method is-config="true" signature="amConfig()[pri:0, instance:vtiger.OrganizationTests.CreateMultipleOrgWithIndustryTest@130d63be]" started-at="2023-04-04T10:03:02 IST" name="amConfig" finished-at="2023-04-04T10:03:04 IST" duration-ms="1724" status="PASS">
          <reporter-output>
          </reporter-output>
        </test-method> <!-- amConfig -->
        <test-method is-config="true" signature="bmConfig()[pri:0, instance:vtiger.OrganizationTests.CreateMultipleOrgWithIndustryTest@130d63be]" started-at="2023-04-04T10:03:04 IST" name="bmConfig" finished-at="2023-04-04T10:03:06 IST" duration-ms="2446" status="PASS">
          <reporter-output>
          </reporter-output>
        </test-method> <!-- bmConfig -->
        <test-method signature="createMultipleOrgTest(java.lang.String,java.lang.String)[pri:0, instance:vtiger.OrganizationTests.CreateMultipleOrgWithIndustryTest@130d63be]" started-at="2023-04-04T10:03:06 IST" name="createMultipleOrgTest" data-provider="getData" finished-at="2023-04-04T10:03:22 IST" duration-ms="15419" status="PASS">
          <params>
            <param index="0">
              <value>
                <![CDATA[Infosys]]>
              </value>
            </param>
            <param index="1">
              <value>
                <![CDATA[Electronics]]>
              </value>
            </param>
          </params>
          <reporter-output>
          </reporter-output>
        </test-method> <!-- createMultipleOrgTest -->
        <test-method is-config="true" signature="amConfig()[pri:0, instance:vtiger.OrganizationTests.CreateMultipleOrgWithIndustryTest@130d63be]" started-at="2023-04-04T10:03:22 IST" name="amConfig" finished-at="2023-04-04T10:03:23 IST" duration-ms="1099" status="PASS">
          <reporter-output>
          </reporter-output>
        </test-method> <!-- amConfig -->
        <test-method is-config="true" signature="bmConfig()[pri:0, instance:vtiger.OrganizationTests.CreateMultipleOrgWithIndustryTest@130d63be]" started-at="2023-04-04T10:03:23 IST" name="bmConfig" finished-at="2023-04-04T10:03:24 IST" duration-ms="1711" status="PASS">
          <reporter-output>
          </reporter-output>
        </test-method> <!-- bmConfig -->
        <test-method signature="createMultipleOrgTest(java.lang.String,java.lang.String)[pri:0, instance:vtiger.OrganizationTests.CreateMultipleOrgWithIndustryTest@130d63be]" started-at="2023-04-04T10:03:24 IST" name="createMultipleOrgTest" data-provider="getData" finished-at="2023-04-04T10:03:37 IST" duration-ms="12767" status="PASS">
          <params>
            <param index="0">
              <value>
                <![CDATA[TY]]>
              </value>
            </param>
            <param index="1">
              <value>
                <![CDATA[Banking]]>
              </value>
            </param>
          </params>
          <reporter-output>
          </reporter-output>
        </test-method> <!-- createMultipleOrgTest -->
        <test-method is-config="true" signature="amConfig()[pri:0, instance:vtiger.OrganizationTests.CreateMultipleOrgWithIndustryTest@130d63be]" started-at="2023-04-04T10:03:37 IST" name="amConfig" finished-at="2023-04-04T10:03:40 IST" duration-ms="2886" status="PASS">
          <reporter-output>
          </reporter-output>
        </test-method> <!-- amConfig -->
        <test-method is-config="true" signature="bmConfig()[pri:0, instance:vtiger.OrganizationTests.CreateMultipleOrgWithIndustryTest@130d63be]" started-at="2023-04-04T10:03:40 IST" name="bmConfig" finished-at="2023-04-04T10:03:42 IST" duration-ms="1679" status="PASS">
          <reporter-output>
          </reporter-output>
        </test-method> <!-- bmConfig -->
        <test-method signature="createMultipleOrgTest(java.lang.String,java.lang.String)[pri:0, instance:vtiger.OrganizationTests.CreateMultipleOrgWithIndustryTest@130d63be]" started-at="2023-04-04T10:03:42 IST" name="createMultipleOrgTest" data-provider="getData" finished-at="2023-04-04T10:03:52 IST" duration-ms="10594" status="PASS">
          <params>
            <param index="0">
              <value>
                <![CDATA[Qsp]]>
              </value>
            </param>
            <param index="1">
              <value>
                <![CDATA[Apparel]]>
              </value>
            </param>
          </params>
          <reporter-output>
          </reporter-output>
        </test-method> <!-- createMultipleOrgTest -->
        <test-method is-config="true" signature="amConfig()[pri:0, instance:vtiger.OrganizationTests.CreateMultipleOrgWithIndustryTest@130d63be]" started-at="2023-04-04T10:03:52 IST" name="amConfig" finished-at="2023-04-04T10:03:55 IST" duration-ms="2347" status="PASS">
          <reporter-output>
          </reporter-output>
        </test-method> <!-- amConfig -->
        <test-method is-config="true" signature="acConfig()[pri:0, instance:vtiger.OrganizationTests.CreateMultipleOrgWithIndustryTest@130d63be]" started-at="2023-04-04T10:03:55 IST" name="acConfig" finished-at="2023-04-04T10:03:57 IST" duration-ms="2353" status="PASS">
          <reporter-output>
          </reporter-output>
        </test-method> <!-- acConfig -->
        <test-method is-config="true" signature="asConfig()[pri:0, instance:vtiger.OrganizationTests.CreateMultipleOrgWithIndustryTest@130d63be]" started-at="2023-04-04T10:03:57 IST" name="asConfig" finished-at="2023-04-04T10:03:57 IST" duration-ms="0" status="PASS">
          <reporter-output>
          </reporter-output>
        </test-method> <!-- asConfig -->
      </class> <!-- vtiger.OrganizationTests.CreateMultipleOrgWithIndustryTest -->
    </test> <!-- Default test -->
  </suite> <!-- Default suite -->
</testng-results>
