<?xml version="1.0" encoding="UTF-8"?>
<testng-results ignored="2" total="6" passed="4" failed="0" skipped="0">
  <reporter-output>
    <line>
      <![CDATA[Click on Organizations link successful]]>
    </line>
    <line>
      <![CDATA[Click on Create Organizations LookUp Image successful]]>
    </line>
    <line>
      <![CDATA[Create Organization with mandatory fields]]>
    </line>
    <line>
      <![CDATA[Navigate to Contacts link successful]]>
    </line>
    <line>
      <![CDATA[Click on Create Contacts LookUp Image  successful]]>
    </line>
    <line>
      <![CDATA[Create contacts with mandatory fields successful]]>
    </line>
  </reporter-output>
  <suite started-at="2023-04-05T01:19:56 IST" name="Suite" finished-at="2023-04-05T01:22:30 IST" duration-ms="153882">
    <groups>
      <group name="RegressionSuite">
        <method signature="CreateContactWithOrganizationTest.createContactWithOrganizationTest()[pri:0, instance:vtiger.ContactsTests.CreateContactWithOrganizationTest@74fe5c40]" name="createContactWithOrganizationTest" class="vtiger.ContactsTests.CreateContactWithOrganizationTest"/>
        <method signature="CreateOrganizationTest.demoScript()[pri:0, instance:vtiger.OrganizationTests.CreateOrganizationTest@7f0eb4b4]" name="demoScript" class="vtiger.OrganizationTests.CreateOrganizationTest"/>
      </group> <!-- RegressionSuite -->
      <group name="SmokeSuite">
        <method signature="CreateOrganizationTest.createOrganizationTest()[pri:0, instance:vtiger.OrganizationTests.CreateOrganizationTest@7f0eb4b4]" name="createOrganizationTest" class="vtiger.OrganizationTests.CreateOrganizationTest"/>
      </group> <!-- SmokeSuite -->
    </groups>
    <test started-at="2023-04-05T01:19:56 IST" name="Test" finished-at="2023-04-05T01:22:30 IST" duration-ms="153882">
      <class name="vtiger.ContactsTests.CreateContactWithOrganizationTest">
        <test-method is-config="true" signature="bsConfig()[pri:0, instance:vtiger.ContactsTests.CreateContactWithOrganizationTest@74fe5c40]" started-at="2023-04-05T01:19:56 IST" name="bsConfig" finished-at="2023-04-05T01:19:56 IST" duration-ms="6" status="PASS">
          <reporter-output>
          </reporter-output>
        </test-method> <!-- bsConfig -->
        <test-method is-config="true" signature="bcConfig()[pri:0, instance:vtiger.ContactsTests.CreateContactWithOrganizationTest@74fe5c40]" started-at="2023-04-05T01:19:57 IST" name="bcConfig" finished-at="2023-04-05T01:20:31 IST" duration-ms="34129" status="PASS">
          <reporter-output>
          </reporter-output>
        </test-method> <!-- bcConfig -->
        <test-method is-config="true" signature="bmConfig()[pri:0, instance:vtiger.ContactsTests.CreateContactWithOrganizationTest@74fe5c40]" started-at="2023-04-05T01:20:31 IST" name="bmConfig" finished-at="2023-04-05T01:20:38 IST" duration-ms="7271" status="PASS">
          <reporter-output>
          </reporter-output>
        </test-method> <!-- bmConfig -->
        <test-method signature="createContactWithOrganizationTest()[pri:0, instance:vtiger.ContactsTests.CreateContactWithOrganizationTest@74fe5c40]" started-at="2023-04-05T01:20:38 IST" name="createContactWithOrganizationTest" finished-at="2023-04-05T01:21:34 IST" duration-ms="55427" status="PASS">
          <reporter-output>
            <line>
              <![CDATA[Click on Organizations link successful]]>
            </line>
            <line>
              <![CDATA[Click on Create Organizations LookUp Image successful]]>
            </line>
            <line>
              <![CDATA[Create Organization with mandatory fields]]>
            </line>
            <line>
              <![CDATA[Navigate to Contacts link successful]]>
            </line>
            <line>
              <![CDATA[Click on Create Contacts LookUp Image  successful]]>
            </line>
            <line>
              <![CDATA[Create contacts with mandatory fields successful]]>
            </line>
          </reporter-output>
        </test-method> <!-- createContactWithOrganizationTest -->
        <test-method is-config="true" signature="amConfig()[pri:0, instance:vtiger.ContactsTests.CreateContactWithOrganizationTest@74fe5c40]" started-at="2023-04-05T01:21:34 IST" name="amConfig" finished-at="2023-04-05T01:21:36 IST" duration-ms="2833" status="PASS">
          <reporter-output>
          </reporter-output>
        </test-method> <!-- amConfig -->
        <test-method is-config="true" signature="acConfig()[pri:0, instance:vtiger.ContactsTests.CreateContactWithOrganizationTest@74fe5c40]" started-at="2023-04-05T01:21:36 IST" name="acConfig" finished-at="2023-04-05T01:21:40 IST" duration-ms="3829" status="PASS">
          <reporter-output>
          </reporter-output>
        </test-method> <!-- acConfig -->
        <test-method is-config="true" signature="asConfig()[pri:0, instance:vtiger.ContactsTests.CreateContactWithOrganizationTest@74fe5c40]" started-at="2023-04-05T01:22:30 IST" name="asConfig" finished-at="2023-04-05T01:22:30 IST" duration-ms="0" status="PASS">
          <reporter-output>
          </reporter-output>
        </test-method> <!-- asConfig -->
      </class> <!-- vtiger.ContactsTests.CreateContactWithOrganizationTest -->
      <class name="vtiger.OrganizationTests.CreateOrganizationTest">
        <test-method is-config="true" signature="bcConfig()[pri:0, instance:vtiger.OrganizationTests.CreateOrganizationTest@7f0eb4b4]" started-at="2023-04-05T01:21:40 IST" name="bcConfig" finished-at="2023-04-05T01:21:50 IST" duration-ms="9334" status="PASS">
          <reporter-output>
          </reporter-output>
        </test-method> <!-- bcConfig -->
        <test-method is-config="true" signature="bmConfig()[pri:0, instance:vtiger.OrganizationTests.CreateOrganizationTest@7f0eb4b4]" started-at="2023-04-05T01:21:50 IST" name="bmConfig" finished-at="2023-04-05T01:21:52 IST" duration-ms="2140" status="PASS">
          <reporter-output>
          </reporter-output>
        </test-method> <!-- bmConfig -->
        <test-method signature="createOrganizationTest()[pri:0, instance:vtiger.OrganizationTests.CreateOrganizationTest@7f0eb4b4]" started-at="2023-04-05T01:21:52 IST" name="createOrganizationTest" finished-at="2023-04-05T01:22:13 IST" duration-ms="21405" status="PASS">
          <reporter-output>
          </reporter-output>
        </test-method> <!-- createOrganizationTest -->
        <test-method is-config="true" signature="amConfig()[pri:0, instance:vtiger.OrganizationTests.CreateOrganizationTest@7f0eb4b4]" started-at="2023-04-05T01:22:13 IST" name="amConfig" finished-at="2023-04-05T01:22:14 IST" duration-ms="1068" status="PASS">
          <reporter-output>
          </reporter-output>
        </test-method> <!-- amConfig -->
        <test-method is-config="true" signature="bmConfig()[pri:0, instance:vtiger.OrganizationTests.CreateOrganizationTest@7f0eb4b4]" started-at="2023-04-05T01:22:14 IST" name="bmConfig" finished-at="2023-04-05T01:22:17 IST" duration-ms="2309" status="PASS">
          <reporter-output>
          </reporter-output>
        </test-method> <!-- bmConfig -->
        <test-method is-config="true" signature="amConfig()[pri:0, instance:vtiger.OrganizationTests.CreateOrganizationTest@7f0eb4b4]" started-at="2023-04-05T01:22:17 IST" name="amConfig" finished-at="2023-04-05T01:22:20 IST" duration-ms="3127" status="PASS">
          <reporter-output>
          </reporter-output>
        </test-method> <!-- amConfig -->
        <test-method signature="demoScript()[pri:0, instance:vtiger.OrganizationTests.CreateOrganizationTest@7f0eb4b4]" started-at="2023-04-05T01:22:17 IST" name="demoScript" finished-at="2023-04-05T01:22:17 IST" duration-ms="0" status="PASS">
          <reporter-output>
          </reporter-output>
        </test-method> <!-- demoScript -->
        <test-method is-config="true" signature="bmConfig()[pri:0, instance:vtiger.OrganizationTests.CreateOrganizationTest@7f0eb4b4]" started-at="2023-04-05T01:22:20 IST" name="bmConfig" finished-at="2023-04-05T01:22:23 IST" duration-ms="3127" status="PASS">
          <reporter-output>
          </reporter-output>
        </test-method> <!-- bmConfig -->
        <test-method is-config="true" signature="amConfig()[pri:0, instance:vtiger.OrganizationTests.CreateOrganizationTest@7f0eb4b4]" started-at="2023-04-05T01:22:23 IST" name="amConfig" finished-at="2023-04-05T01:22:27 IST" duration-ms="4639" status="PASS">
          <reporter-output>
          </reporter-output>
        </test-method> <!-- amConfig -->
        <test-method signature="regional()[pri:0, instance:vtiger.OrganizationTests.CreateOrganizationTest@7f0eb4b4]" started-at="2023-04-05T01:22:23 IST" name="regional" finished-at="2023-04-05T01:22:23 IST" duration-ms="0" status="PASS">
          <reporter-output>
          </reporter-output>
        </test-method> <!-- regional -->
        <test-method is-config="true" signature="acConfig()[pri:0, instance:vtiger.OrganizationTests.CreateOrganizationTest@7f0eb4b4]" started-at="2023-04-05T01:22:27 IST" name="acConfig" finished-at="2023-04-05T01:22:30 IST" duration-ms="2552" status="PASS">
          <reporter-output>
          </reporter-output>
        </test-method> <!-- acConfig -->
      </class> <!-- vtiger.OrganizationTests.CreateOrganizationTest -->
    </test> <!-- Test -->
  </suite> <!-- Suite -->
</testng-results>
